RIKS-WEMPNER METHOD

INPUT DATA
nstep      niter        dels      errtol
 17.00  10.00   0.20   0.00
iter   delt   delu  t   u
  1.00   0.01   0.19   0.01   0.19
re1   re2   sol1   sol2
  0.20  32.00   0.01   0.19
iter   delt   delu  t   u
  2.00   0.02  -0.02   0.03   0.17
re1   re2   sol1   sol2
 -0.00  64.14   0.02  -0.02
iter   delt   delu  t   u
  3.00   0.05  -0.05   0.08   0.12
re1   re2   sol1   sol2
  0.00 128.29   0.05  -0.05
iter   delt   delu  t   u
  4.00   0.09  -0.09   0.17   0.03
re1   re2   sol1   sol2
  0.00 256.59   0.09  -0.09
iter   delt   delu  t   u
  5.00   0.19  -0.19   0.36  -0.16
re1   re2   sol1   sol2
  0.00 513.22   0.19  -0.19
iter   delt   delu  t   u
  6.00   0.38  -0.38   0.74  -0.54
re1   re2   sol1   sol2
  0.00 1026.58   0.38  -0.38
iter   delt   delu  t   u
  7.00   0.75  -0.75   1.49  -1.29
re1   re2   sol1   sol2
  0.00 2053.72   0.75  -0.75
iter   delt   delu  t   u
  8.00   1.50  -1.50   2.99  -2.79
re1   re2   sol1   sol2
 -0.00 4109.68   1.50  -1.50
iter   delt   delu  t   u
  9.00   2.99  -2.99   5.97  -5.77
re1   re2   sol1   sol2
  0.00 8228.34   2.99  -2.99
iter   delt   delu  t   u
 10.00   5.93  -5.93  11.90 -11.70
re1   re2   sol1   sol2
  0.00 16492.34   5.93  -5.93
istep    t         u
  1.00  11.90 -11.70
iter   delt   delu  t   u
  1.00  12.33  12.54  24.23   0.83
re1   re2   sol1   sol2
  0.20 33125.48  12.33  12.54
iter   delt   delu  t   u
  2.00  23.98  24.39  48.22  25.22
re1   re2   sol1   sol2
  0.00 66879.61  23.98  24.39
iter   delt   delu  t   u
  3.00  45.57  46.35  93.79  71.58
re1   re2   sol1   sol2
 -0.00 136139.07  45.57  46.35
iter   delt   delu  t   u
  4.00  83.48  84.91 177.27 156.49
re1   re2   sol1   sol2
  0.00 280872.50  83.48  84.91
iter   delt   delu  t   u
  5.00 145.63 148.12 322.91 304.61
re1   re2   sol1   sol2
  0.00 590584.67 145.63 148.12
iter   delt   delu  t   u
  6.00 241.22 245.34 564.13 549.95
re1   re2   sol1   sol2
  0.00 1268930.87 241.22 245.34
iter   delt   delu  t   u
  7.00 382.90 389.45 947.03 939.40
re1   re2   sol1   sol2
 -0.00 2778630.65 382.90 389.45
iter   delt   delu  t   u
  8.00 591.23 601.34 1538.26 1540.73
re1   re2   sol1   sol2
  0.00 6163932.46 591.23 601.34
iter   delt   delu  t   u
  9.00 899.20 914.56 2437.46 2455.29
re1   re2   sol1   sol2
  0.00 13774283.24 899.20 914.56
iter   delt   delu  t   u
 10.00 1357.39 1380.59 3794.85 3835.88
re1   re2   sol1   sol2
  0.00 30894253.73 1357.39 1380.59
istep    t         u
  2.00 3794.85 3835.88
iter   delt   delu  t   u
  1.00 -2529.84 2487.34 1265.02 6323.22
re1   re2   sol1   sol2
  0.20 69412620.83 -2529.84 2487.34
iter   delt   delu  t   u
  2.00 -3480.12 3421.66 -2215.11 9744.88
re1   re2   sol1   sol2
  0.00 163572613.51 -3480.12 3421.66
iter   delt   delu  t   u
  3.00 -5059.52 4974.52 -7274.63 14719.40
re1   re2   sol1   sol2
  0.00 373976154.90 -5059.52 4974.52
iter   delt   delu  t   u
  4.00 -7492.16 7366.29 -14766.78 22085.69
re1   re2   sol1   sol2
  0.00 846935685.35 -7492.16 7366.29
iter   delt   delu  t   u
  5.00 -11176.07 10988.31 -25942.85 33074.00
re1   re2   sol1   sol2
 -0.00 1910920360.56 -11176.07 10988.31
iter   delt   delu  t   u
  6.00 -16723.37 16442.42 -42666.23 49516.42
re1   re2   sol1   sol2
  0.00 4304812615.54 -16723.37 16442.42
iter   delt   delu  t   u
  7.00 -25058.12 24637.14 -67724.35 74153.57
re1   re2   sol1   sol2
  0.00 9691038399.48 -25058.12 24637.14
iter   delt   delu  t   u
  8.00 -37569.28 36938.12 -105293.62 111091.68
re1   re2   sol1   sol2
  0.00 21810032432.58 -37569.28 36938.12
iter   delt   delu  t   u
  9.00 -56342.00 55395.46 -161635.62 166487.14
re1   re2   sol1   sol2
 -0.00 49077762822.23 -56342.00 55395.46
iter   delt   delu  t   u
 10.00 -84505.06 83085.38 -246140.69 249572.53
re1   re2   sol1   sol2
  0.00 110430153455.81 -84505.06 83085.38
istep    t         u
  3.00 -246140.69 249572.53
iter   delt   delu  t   u
  1.00 122191.18 124279.05 -123949.51 373851.58
re1   re2   sol1   sol2
  0.20 248473031163.31 122191.18 124279.05
iter   delt   delu  t   u
  2.00 183508.21 186643.81 59558.70 560495.40
re1   re2   sol1   sol2
  0.00 558727194811.14 183508.21 186643.81
iter   delt   delu  t   u
  3.00 275410.52 280116.45 334969.22 840611.85
re1   re2   sol1   sol2
  0.00 1256798043976.87 275410.52 280116.45
iter   delt   delu  t   u
  4.00 413214.75 420275.34 748183.97 1260887.19
re1   re2   sol1   sol2
  0.00 2827456999315.33 413214.75 420275.34
iter   delt   delu  t   u
  5.00 619888.15 630480.17 1368072.12 1891367.36
re1   re2   sol1   sol2
 -0.00 6361439446005.64 619888.15 630480.17
iter   delt   delu  t   u
  6.00 929876.26 945765.04 2297948.38 2837132.40
re1   re2   sol1   sol2
  0.00 14312899860822.43 929876.26 945765.04
iter   delt   delu  t   u
  7.00 1394843.75 1418677.42 3692792.13 4255809.82
re1   re2   sol1   sol2
  0.00 32203685754036.66 1394843.75 1418677.42
iter   delt   delu  t   u
  8.00 2092285.20 2128036.04 5785077.34 6383845.86
re1   re2   sol1   sol2
  0.00 72457953995932.30 2092285.20 2128036.04
iter   delt   delu  t   u
  9.00 3138440.86 3192067.33 8923518.19 9575913.19
re1   re2   sol1   sol2
  0.00 163030057532269.47 3138440.86 3192067.33
iter   delt   delu  t   u
 10.00 4707669.98 4788109.85 13631188.18 14364023.04
re1   re2   sol1   sol2
 -0.00 366817290485504.56 4707669.98 4788109.85
istep    t         u
  4.00 13631188.18 14364023.04
iter   delt   delu  t   u
  1.00 -7305242.93 7182515.43 6325945.25 21546538.47
re1   re2   sol1   sol2
  0.20 825338564628717.00 -7305242.93 7182515.43
iter   delt   delu  t   u
  2.00 -10957634.62 10773547.23 -4631689.37 32320085.70
re1   re2   sol1   sol2
  0.00 1857031240881342.70 -10957634.62 10773547.23
iter   delt   delu  t   u
  3.00 -16436298.76 16160170.24 -21067988.13 48480255.94
re1   re2   sol1   sol2
  0.00 4178339761429072.50 -16436298.76 16160170.24
iter   delt   delu  t   u
  4.00 -24654346.02 24240154.97 -45722334.15 72720410.91
re1   re2   sol1   sol2
 -1.00 9401283932207872.00 -24654346.02 24240154.97
iter   delt   delu  t   u
  5.00 -36981450.96 36360165.52 -82703785.11 109080576.44
re1   re2   sol1   sol2
  0.00 21152908316258580.00 -36981450.96 36360165.52
iter   delt   delu  t   u
  6.00 -55472131.06 54540203.67 -138175916.17 163620780.10
re1   re2   sol1   sol2
  0.00 47594063180283088.00 -55472131.06 54540203.67
iter   delt   delu  t   u
  7.00 -83208166.33 81810275.75 -221384082.50 245431055.85
re1   re2   sol1   sol2
 -2.00 107086661624298420.00 -83208166.33 81810275.75
iter   delt   delu  t   u
  8.00 -124812229.32 122715393.80 -346196311.82 368146449.65
re1   re2   sol1   sol2
  0.00 240945008123315200.00 -124812229.32 122715393.80
iter   delt   delu  t   u
  9.00 -187218330.54 184073077.48 -533414642.35 552219527.13
re1   re2   sol1   sol2
 -4.00 542126287746095040.00 -187218330.54 184073077.48
iter   delt   delu  t   u
 10.00 -280827486.84 276109607.40 -814242129.20 828329134.53
re1   re2   sol1   sol2
 -8.00 1219784166897346300.00 -280827486.84 276109607.40
istep    t         u
  5.00 -814242129.20 828329134.53
iter   delt   delu  t   u
  1.00 407206137.21 414164060.48 -407035991.99 1242493195.01
re1   re2   sol1   sol2
  0.20 2744514394987659800.00 407206137.21 414164060.48
iter   delt   delu  t   u
  2.00 610809427.93 621246316.63 203773435.94 1863739511.64
re1   re2   sol1   sol2
-512.00 6175156265949280300.00 610809427.93 621246316.63
iter   delt   delu  t   u
  3.00 916214289.97 931869625.56 1119987725.91 2795609137.19
re1   re2   sol1   sol2
512.00 13894100475611906000.00 916214289.97 931869625.56
iter   delt   delu  t   u
  4.00 1374321533.67 1397804538.74 2494309259.58 4193413675.93
re1   re2   sol1   sol2
-1024.00 31261724947352363000.00 1374321533.67 1397804538.74
iter   delt   delu  t   u
  5.00 2061482366.32 2096706875.04 4555791625.90 6290120550.97
re1   re2   sol1   sol2
  0.00 70338880008768184000.00 2061482366.32 2096706875.04
iter   delt   delu  t   u
  6.00 3092223593.35 3145060357.19 7648015219.25 9435180908.16
re1   re2   sol1   sol2
-4096.00 158262478896953690000.00 3092223593.35 3145060357.19
iter   delt   delu  t   u
  7.00 4638335419.28 4717590565.53 12286350638.52 14152771473.70
re1   re2   sol1   sol2
8192.00 356090576395370950000.00 4638335419.28 4717590565.53
iter   delt   delu  t   u
  8.00 6957503148.42 7076385868.13 19243853786.94 21229157341.83
re1   re2   sol1   sol2
-8192.00 801203795766809990000.00 6957503148.42 7076385868.13
iter   delt   delu  t   u
  9.00 10436254735.62 10614578815.42 29680108522.56 31843736157.26
re1   re2   sol1   sol2
32768.00 1802708539352547300000.00 10436254735.62 10614578815.42
iter   delt   delu  t   u
 10.00 15654382112.10 15921868231.95 45334490634.67 47765604389.21
re1   re2   sol1   sol2
-32768.00 4056094212420457200000.00 15654382112.10 15921868231.95
istep    t         u
  6.00 45334490634.67 47765604389.21
iter   delt   delu  t   u
  1.00 -24290887679.43 23882802698.55 21043602955.24 71648407087.75
re1   re2   sol1   sol2
  0.20 9126211976823254800000.00 -24290887679.43 23882802698.55
iter   delt   delu  t   u
  2.00 -36436331289.37 35824203821.91 -15392728334.13 107472610909.66
re1   re2   sol1   sol2
2097152.00 20533977012597017000000.00 -36436331289.37 35824203821.91
iter   delt   delu  t   u
  3.00 -54654496780.87 53736305582.25 -70047225115.00 161208916491.91
re1   re2   sol1   sol2
  0.00 46201448343088000000000.00 -54654496780.87 53736305582.25
iter   delt   delu  t   u
  4.00 -81981745069.19 80604458272.97 -152028970184.19 241813374764.88
re1   re2   sol1   sol2
-4194304.00 103953258836692700000000.00 -81981745069.19 80604458272.97
iter   delt   delu  t   u
  5.00 -122972617535.70 120906687342.52 -275001587719.89 362720062107.41
re1   re2   sol1   sol2
  0.00 233894832447303260000000.00 -122972617535.70 120906687342.52
iter   delt   delu  t   u
  6.00 -184458926258.16 181360030969.16 -459460513978.05 544080093076.57
re1   re2   sol1   sol2
  0.00 526263373071177040000000.00 -184458926258.16 181360030969.16
iter   delt   delu  t   u
  7.00 -276688389356.99 272040046423.99 -736148903335.04 816120139500.56
re1   re2   sol1   sol2
  0.00 1184092589474893000000000.00 -276688389356.99 272040046423.99
iter   delt   delu  t   u
  8.00 -415032584015.31 408060069616.15 -1151181487350.35 1224180209116.71
re1   re2   sol1   sol2
  0.00 2664208326383253800000000.00 -415032584015.31 408060069616.15
iter   delt   delu  t   u
  9.00 -622548876009.52 612090104411.01 -1773730363359.87 1836270313527.72
re1   re2   sol1   sol2
-33554432.00 5994468734427066800000000.00 -622548876009.52 612090104411.01
iter   delt   delu  t   u
 10.00 -933823314005.31 918135156607.70 -2707553677365.19 2754405470135.41
re1   re2   sol1   sol2
67108864.00 13487554652525646000000000.00 -933823314005.31 918135156607.70
istep    t         u
  7.00 -2707553677365.19 2754405470135.41
iter   delt   delu  t   u
  1.00 1354065838165.02 1377202734560.92 -1353487839200.16 4131608204696.34
re1   re2   sol1   sol2
  0.20 30346997968247443000000000.00 1354065838165.02 1377202734560.92
iter   delt   delu  t   u
  2.00 2031098757469.65 2065804102067.30 677610918269.48 6197412306763.64
re1   re2   sol1   sol2
4294967296.00 68280745424823237000000000.00 2031098757469.65 2065804102067.30
iter   delt   delu  t   u
  3.00 3046648136352.55 3098706153251.55 3724259054622.03 9296118460015.19
re1   re2   sol1   sol2
  0.00 153631677202118760000000000.00 3046648136352.55 3098706153251.55
iter   delt   delu  t   u
  4.00 4569972204627.54 4648059229977.74 8294231259249.58 13944177689992.93
re1   re2   sol1   sol2
  0.00 345671273701033680000000000.00 4569972204627.54 4648059229977.74
iter   delt   delu  t   u
  5.00 6854958307007.13 6972088845033.54 15149189566256.70 20916266535026.47
re1   re2   sol1   sol2
  0.00 777760365823592280000000000.00 6854958307007.13 6972088845033.54
iter   delt   delu  t   u
  6.00 10282437460554.56 10458133267594.94 25431627026811.27 31374399802621.41
re1   re2   sol1   sol2
  0.00 1749960823099349100000000000.00 10282437460554.56 10458133267594.94
iter   delt   delu  t   u
  7.00 15423656190861.10 15687199901422.15 40855283217672.36 47061599704043.56
re1   re2   sol1   sol2
  0.00 3937411851969803000000000000.00 15423656190861.10 15687199901422.15
iter   delt   delu  t   u
  8.00 23135484286311.15 23530799852153.07 63990767503983.51 70592399556196.63
re1   re2   sol1   sol2
-68719476736.00 8859176666928322400000000000.00 23135484286311.15 23530799852153.07
iter   delt   delu  t   u
  9.00 34703226429479.72 35296199778242.82 98693993933463.22 105888599334439.44
re1   re2   sol1   sol2
  0.00 19933147500584991000000000000.00 34703226429479.72 35296199778242.82
iter   delt   delu  t   u
 10.00 52054839644228.23 52944299667373.04 150748833577691.44 158832899001812.47
re1   re2   sol1   sol2
  0.00 44849581876312486000000000000.00 52054839644228.23 52944299667373.04
istep    t         u
  8.00 150748833577691.44 158832899001812.47
iter   delt   delu  t   u
  1.00 -80773436815065.94 79416449501410.19 69975396762625.50 238249348503222.66
re1   re2   sol1   sol2
  0.20 100911559221699350000000000000.00 -80773436815065.94 79416449501410.19
iter   delt   delu  t   u
  2.00 -121160155222369.14 119124674251889.34 -51184758459743.64 357374022755112.00
re1   re2   sol1   sol2
-8796093022208.00 227051008249038870000000000000.00 -121160155222369.14 119124674251889.34
iter   delt   delu  t   u
  3.00 -181740232833400.47 178687011377683.41 -232924991293144.12 536061034132795.37
re1   re2   sol1   sol2
17592186044416.00 510864768560552650000000000000.00 -181740232833400.47 178687011377683.41
iter   delt   delu  t   u
  4.00 -272610349249998.53 268030517066424.72 -505535340543142.62 804091551199220.12
re1   re2   sol1   sol2
70368744177664.00 1149445729261458500000000000000.00 -272610349249998.53 268030517066424.72
iter   delt   delu  t   u
  5.00 -408915523874930.00 402045775599570.12 -914450864418072.62 1206137326798790.20
re1   re2   sol1   sol2
-140737488355328.00 2586252890838497300000000000000.00 -408915523874930.00 402045775599570.12
iter   delt   delu  t   u
  6.00 -613373285812349.50 603068663399310.62 -1527824150230422.00 1809205990198101.00
re1   re2   sol1   sol2
  0.00 5819069004386834800000000000000.00 -613373285812349.50 603068663399310.62
iter   delt   delu  t   u
  7.00 -920059928718493.87 904602995098936.25 -2447884078948916.00 2713808985297037.00
re1   re2   sol1   sol2
  0.00 13092905259870594000000000000000.00 -920059928718493.87 904602995098936.25
iter   delt   delu  t   u
  8.00 -1380089893077720.70 1356904492648384.20 -3827973972026637.00 4070713477945421.00
re1   re2   sol1   sol2
  0.00 29459036834709046000000000000000.00 -1380089893077720.70 1356904492648384.20
iter   delt   delu  t   u
  9.00 -2070134839616566.00 2035356738972563.20 -5898108811643203.00 6106070216917984.00
re1   re2   sol1   sol2
1125899906842624.00 66282832878095567000000000000000.00 -2070134839616566.00 2035356738972563.20
iter   delt   delu  t   u
 10.00 -3105202259424843.50 3053035108458836.00 -9003311071068046.00 9159105325376820.00
re1   re2   sol1   sol2
-1125899906842624.00 149136373975715230000000000000000.00 -3105202259424843.50 3053035108458836.00
istep    t         u
  9.00 -9003311071068046.00 9159105325376820.00
iter   delt   delu  t   u
  1.00 4502616542219065.00 4579552662687902.00 -4500694528848981.00 13738657988064722.00
re1   re2   sol1   sol2
  0.20 335556841445359440000000000000000.00 4502616542219065.00 4579552662687902.00
iter   delt   delu  t   u
  2.00 6753924813328822.00 6869328994032081.00 2253230284479841.00 20607986982096804.00
re1   re2   sol1   sol2
  0.00 755002893252046310000000000000000.00 6753924813328822.00 6869328994032081.00
iter   delt   delu  t   u
  3.00 10130887219993378.00 10303993491048272.00 12384117504473220.00 30911980473145076.00
re1   re2   sol1   sol2
72057594037927936.00 1698756509817092400000000000000000.00 10130887219993378.00 10303993491048272.00
iter   delt   delu  t   u
  4.00 15196330829990172.00 15455990236572508.00 27580448334463392.00 46367970709717584.00
re1   re2   sol1   sol2
-144115188075855870.00 3822202147088444600000000000000000.00 15196330829990172.00 15455990236572508.00
iter   delt   delu  t   u
  5.00 22794496244985320.00 23183985354858828.00 50374944579448712.00 69551956064576416.00
re1   re2   sol1   sol2
  0.00 8599954830948988600000000000000000.00 22794496244985320.00 23183985354858828.00
iter   delt   delu  t   u
  6.00 34191744367478020.00 34775978032288284.00 84566688946926736.00 104327934096864700.00
re1   re2   sol1   sol2
  0.00 19349898369635212000000000000000000.00 34191744367478020.00 34775978032288284.00
iter   delt   delu  t   u
  7.00 51287616551217056.00 52163967048432456.00 135854305498143790.00 156491901145297150.00
re1   re2   sol1   sol2
  0.00 43537271331679210000000000000000000.00 51287616551217056.00 52163967048432456.00
iter   delt   delu  t   u
  8.00 76931424826825568.00 78245950572648704.00 212785730324969340.00 234737851717945860.00
re1   re2   sol1   sol2
1152921504606847000.00 97958860496278197000000000000000000.00 76931424826825568.00 78245950572648704.00
iter   delt   delu  t   u
  9.00 115397137240238450.00 117368925858973070.00 328182867565207810.00 352106777576918910.00
re1   re2   sol1   sol2
-1152921504606847000.00 220407436116625940000000000000000000.00 115397137240238450.00 117368925858973070.00
iter   delt   delu  t   u
 10.00 173095705860357630.00 176053388788459620.00 501278573425565440.00 528160166365378560.00
re1   re2   sol1   sol2
  0.00 495916731262408270000000000000000000.00 173095705860357630.00 176053388788459620.00
istep    t         u
 10.00 501278573425565440.00 528160166365378560.00
iter   delt   delu  t   u
  1.00 -268592414380040830.00 264080083182689790.00 232686159045524610.00 792240249548068350.00
re1   re2   sol1   sol2
  0.20 1115812645340418800000000000000000000.00 -268592414380040830.00 264080083182689790.00
iter   delt   delu  t   u
  2.00 -402888621570061120.00 396120124774034430.00 -170202462524536510.00 1188360374322102800.00
re1   re2   sol1   sol2
-147573952589676410000.00 2510578452015943000000000000000000000.00 -402888621570061120.00 396120124774034430.00
iter   delt   delu  t   u
  3.00 -604332932355091330.00 594180187161051520.00 -774535394879627780.00 1782540561483154400.00
re1   re2   sol1   sol2
295147905179352830000.00 5648801517035872600000000000000000000.00 -604332932355091330.00 594180187161051520.00
iter   delt   delu  t   u
  4.00 -906499398532637700.00 891270280741577340.00 -1681034793412265500.00 2673810842224731600.00
re1   re2   sol1   sol2
-1180591620717411300000.00 12709803413330715000000000000000000000.00 -906499398532637700.00 891270280741577340.00
iter   delt   delu  t   u
  5.00 -1359749097798955300.00 1336905421112365800.00 -3040783891211221000.00 4010716263337097200.00
re1   re2   sol1   sol2
1180591620717411300000.00 28597057679994111000000000000000000000.00 -1359749097798955300.00 1336905421112365800.00
iter   delt   delu  t   u
  6.00 -2039623646698432500.00 2005358131668548600.00 -5080407537909653500.00 6016074395005645800.00
re1   re2   sol1   sol2
2361183241434822600000.00 64343379779986746000000000000000000000.00 -2039623646698432500.00 2005358131668548600.00
iter   delt   delu  t   u
  7.00 -3059435470047649300.00 3008037197502822900.00 -8139843007957303300.00 9024111592508469200.00
re1   re2   sol1   sol2
  0.00 144772604504970170000000000000000000000.00 -3059435470047649300.00 3008037197502822900.00
iter   delt   delu  t   u
  8.00 -4589153205071476700.00 4512055796254234100.00 -12728996213028780000.00 13536167388762704000.00
re1   re2   sol1   sol2
-4722366482869645200000.00 325738360136182930000000000000000000000.00 -4589153205071476700.00 4512055796254234100.00
iter   delt   delu  t   u
  9.00 -6883729807607211000.00 6768083694381351900.00 -19612726020635992000.00 20304251083144057000.00
re1   re2   sol1   sol2
4722366482869645200000.00 732911310306411670000000000000000000000.00 -6883729807607211000.00 6768083694381351900.00
iter   delt   delu  t   u
 10.00 -10325594711410819000.00 10152125541572028000.00 -29938320732046811000.00 30456376624716087000.00
re1   re2   sol1   sol2
  0.00 1649050448189426300000000000000000000000.00 -10325594711410819000.00 10152125541572028000.00
istep    t         u
 11.00 -29938320732046811000.00 30456376624716087000.00
iter   delt   delu  t   u
  1.00 14972355959982805000.00 15228188312358044000.00 -14965964772064006000.00 45684564937074131000.00
re1   re2   sol1   sol2
  0.20 3710363508426209700000000000000000000000.00 14972355959982805000.00 15228188312358044000.00
iter   delt   delu  t   u
  2.00 22458533939974210000.00 22842282468537065000.00 7492569167910203400.00 68526847405611196000.00
re1   re2   sol1   sol2
-302231454903657290000000.00 8348317893958972700000000000000000000000.00 22458533939974210000.00 22842282468537065000.00
iter   delt   delu  t   u
  3.00 33687800909961314000.00 34263423702805598000.00 41180370077871522000.00 102790271108416800000.00
re1   re2   sol1   sol2
  0.00 18783715261407688000000000000000000000000.00 33687800909961314000.00 34263423702805598000.00
iter   delt   delu  t   u
  4.00 50531701364941971000.00 51395135554208399000.00 91712071442813485000.00 154185406662625200000.00
re1   re2   sol1   sol2
  0.00 42263359338167303000000000000000000000000.00 50531701364941971000.00 51395135554208399000.00
iter   delt   delu  t   u
  5.00 75797552047412969000.00 77092703331312599000.00 167509623490226450000.00 231278109993937800000.00
re1   re2   sol1   sol2
  0.00 95092558510876432000000000000000000000000.00 75797552047412969000.00 77092703331312599000.00
iter   delt   delu  t   u
  6.00 113696328071119440000.00 115639054996968900000.00 281205951561345890000.00 346917164990906700000.00
re1   re2   sol1   sol2
  0.00 213958256649471970000000000000000000000000.00 113696328071119440000.00 115639054996968900000.00
iter   delt   delu  t   u
  7.00 170544492106679160000.00 173458582495453350000.00 451750443668025050000.00 520375747486360010000.00
re1   re2   sol1   sol2
  0.00 481406077461311910000000000000000000000000.00 170544492106679160000.00 173458582495453350000.00
iter   delt   delu  t   u
  8.00 255816738160018720000.00 260187873743180010000.00 707567181828043830000.00 780563621229540020000.00
re1   re2   sol1   sol2
  0.00 1083163674287951700000000000000000000000000.00 255816738160018720000.00 260187873743180010000.00
iter   delt   delu  t   u
  9.00 383725107240028080000.00 390281810614770010000.00 1091292289068071900000.00 1170845431844310100000.00
re1   re2   sol1   sol2
  0.00 2437118267147891300000000000000000000000000.00 383725107240028080000.00 390281810614770010000.00
iter   delt   delu  t   u
 10.00 575587660860042180000.00 585422715922155040000.00 1666879949928114200000.00 1756268147766465100000.00
re1   re2   sol1   sol2
  0.00 5483516101082756100000000000000000000000000.00 575587660860042180000.00 585422715922155040000.00
istep    t         u
 12.00 1666879949928114200000.00 1756268147766465100000.00
iter   delt   delu  t   u
  1.00 -893138733565572550000.00 878134073883232700000.00 773741216362541610000.00 2634402221649698000000.00
re1   re2   sol1   sol2
  0.20 12337911227436201000000000000000000000000000.00 -893138733565572550000.00 878134073883232700000.00
iter   delt   delu  t   u
  2.00 -1339708100348359500000.00 1317201110824849200000.00 -565966883985817860000.00 3951603332474546900000.00
re1   re2   sol1   sol2
-2475880078570760500000000000.00 27760300261731460000000000000000000000000000.00 -1339708100348359500000.00 1317201110824849200000.00
iter   delt   delu  t   u
  3.00 -2009562150522538400000.00 1975801666237273500000.00 -2575529034508356600000.00 5927404998711819900000.00
re1   re2   sol1   sol2
2475880078570760500000000000.00 62460675588895782000000000000000000000000000.00 -2009562150522538400000.00 1975801666237273500000.00
iter   delt   delu  t   u
  4.00 -3014343225783806300000.00 2963702499355909900000.00 -5589872260292162900000.00 8891107498067729800000.00
re1   re2   sol1   sol2
9903520314283042200000000000.00 140536520075015480000000000000000000000000000.00 -3014343225783806300000.00 2963702499355909900000.00
iter   delt   delu  t   u
  5.00 -4521514838675712100000.00 4445553749033864900000.00 -10111387098967876000000.00 13336661247101596000000.00
re1   re2   sol1   sol2
-9903520314283042200000000000.00 316207170168784830000000000000000000000000000.00 -4521514838675712100000.00 4445553749033864900000.00
iter   delt   delu  t   u
  6.00 -6782272258013567900000.00 6668330623550799000000.00 -16893659356981444000000.00 20004991870652396000000.00
re1   re2   sol1   sol2
  0.00 711466132879766000000000000000000000000000000.00 -6782272258013567900000.00 6668330623550799000000.00
iter   delt   delu  t   u
  7.00 -10173408387020353000000.00 10002495935326200000000.00 -27067067744001800000000.00 30007487805978596000000.00
re1   re2   sol1   sol2
  0.00 1600798798979473800000000000000000000000000000.00 -10173408387020353000000.00 10002495935326200000000.00
iter   delt   delu  t   u
  8.00 -15260112580530525000000.00 15003743902989296000000.00 -42327180324532325000000.00 45011231708967894000000.00
re1   re2   sol1   sol2
39614081257132169000000000000.00 3601797297703816700000000000000000000000000000.00 -15260112580530525000000.00 15003743902989296000000.00
iter   delt   delu  t   u
  9.00 -22890168870795804000000.00 22505615854483947000000.00 -65217349195328133000000.00 67516847563451841000000.00
re1   re2   sol1   sol2
-79228162514264338000000000000.00 8104043919833586700000000000000000000000000000.00 -22890168870795804000000.00 22505615854483947000000.00
iter   delt   delu  t   u
 10.00 -34335253306193679000000.00 33758423781725920000000.00 -99552602501521816000000.00 101275271345177770000000.00
re1   re2   sol1   sol2
79228162514264338000000000000.00 18234098819625570000000000000000000000000000000.00 -34335253306193679000000.00 33758423781725920000000.00
istep    t         u
 13.00 -99552602501521816000000.00 101275271345177770000000.00
iter   delt   delu  t   u
  1.00 49786927421081027000000.00 50637635672588885000000.00 -49765675080440789000000.00 151912907017766670000000.00
re1   re2   sol1   sol2
  0.20 41026722344157539000000000000000000000000000000.00 49786927421081027000000.00 50637635672588885000000.00
iter   delt   delu  t   u
  2.00 74680391131621579000000.00 75956453508883352000000.00 24914716051180790000000.00 227869360526650010000000.00
re1   re2   sol1   sol2
-10141204801825835000000000000000.00 92310125274354495000000000000000000000000000000.00 74680391131621579000000.00 75956453508883352000000.00
iter   delt   delu  t   u
  3.00 112020586697432310000000.00 113934680263325000000000.00 136935302748613090000000.00 341804040789975010000000.00
re1   re2   sol1   sol2
10141204801825835000000000000000.00 207697781867297600000000000000000000000000000000.00 112020586697432310000000.00 113934680263325000000000.00
iter   delt   delu  t   u
  4.00 168030880046148500000000.00 170902020394987500000000.00 304966182794761580000000.00 512706061184962550000000.00
re1   re2   sol1   sol2
  0.00 467320009201419630000000000000000000000000000000.00 168030880046148500000000.00 170902020394987500000000.00
iter   delt   delu  t   u
  5.00 252046320069222830000000.00 256353030592481270000000.00 557012502863984410000000.00 769059091777443750000000.00
re1   re2   sol1   sol2
-40564819207303341000000000000000.00 1051470020703194300000000000000000000000000000000.00 252046320069222830000000.00 256353030592481270000000.00
iter   delt   delu  t   u
  6.00 378069480103834020000000.00 384529545888721880000000.00 935081982967818490000000.00 1153588637666165600000000.00
re1   re2   sol1   sol2
81129638414606682000000000000000.00 2365807546582186700000000000000000000000000000000.00 378069480103834020000000.00 384529545888721880000000.00
iter   delt   delu  t   u
  7.00 567104220155751090000000.00 576794318833082820000000.00 1502186203123569600000000.00 1730382956499248300000000.00
re1   re2   sol1   sol2
  0.00 5323066979809919600000000000000000000000000000000.00 567104220155751090000000.00 576794318833082820000000.00
iter   delt   delu  t   u
  8.00 850656330233626640000000.00 865191478249624290000000.00 2352842533357196400000000.00 2595574434748872700000000.00
re1   re2   sol1   sol2
  0.00 11976900704572318000000000000000000000000000000000.00 850656330233626640000000.00 865191478249624290000000.00
iter   delt   delu  t   u
  9.00 1275984495350440200000000.00 1297787217374436400000000.00 3628827028707636500000000.00 3893361652123308800000000.00
re1   re2   sol1   sol2
  0.00 26948026585287719000000000000000000000000000000000.00 1275984495350440200000000.00 1297787217374436400000000.00
iter   delt   delu  t   u
 10.00 1913976743025660200000000.00 1946680826061654400000000.00 5542803771733296700000000.00 5840042478184963800000000.00
re1   re2   sol1   sol2
  0.00 60633059816897361000000000000000000000000000000000.00 1913976743025660200000000.00 1946680826061654400000000.00
istep    t         u
 14.00 5542803771733296700000000.00 5840042478184963800000000.00
iter   delt   delu  t   u
  1.00 -2969915584683737400000000.00 2920021239092481900000000.00 2572888187049559400000000.00 8760063717277445700000000.00
re1   re2   sol1   sol2
  0.20 136424384588019090000000000000000000000000000000000.00 -2969915584683737400000000.00 2920021239092481900000000.00
iter   delt   delu  t   u
  2.00 -4454873377025605300000000.00 4380031858638722800000000.00 -1881985189976045900000000.00 13140095575916167000000000.00
re1   re2   sol1   sol2
10384593717069655000000000000000000.00 306954865323042960000000000000000000000000000000000.00 -4454873377025605300000000.00 4380031858638722800000000.00
iter   delt   delu  t   u
  3.00 -6682310065538407900000000.00 6570047787958083700000000.00 -8564295255514453200000000.00 19710143363874251000000000.00
re1   re2   sol1   sol2
  0.00 690648446976846510000000000000000000000000000000000.00 -6682310065538407900000000.00 6570047787958083700000000.00
iter   delt   delu  t   u
  4.00 -10023465098307612000000000.00 9855071681937123400000000.00 -18587760353822066000000000.00 29565215045811375000000000.00
re1   re2   sol1   sol2
  0.00 1553959005697904700000000000000000000000000000000000.00 -10023465098307612000000000.00 9855071681937123400000000.00
iter   delt   delu  t   u
  5.00 -15035197647461416000000000.00 14782607522905687000000000.00 -33622958001283482000000000.00 44347822568717064000000000.00
re1   re2   sol1   sol2
83076749736557242000000000000000000.00 3496407762820285000000000000000000000000000000000000.00 -15035197647461416000000000.00 14782607522905687000000000.00
iter   delt   delu  t   u
  6.00 -22552796471192133000000000.00 22173911284358532000000000.00 -56175754472475619000000000.00 66521733853075596000000000.00
re1   re2   sol1   sol2
-166153499473114480000000000000000000.00 7866917466345642600000000000000000000000000000000000.00 -22552796471192133000000000.00 22173911284358532000000000.00
iter   delt   delu  t   u
  7.00 -33829194706788178000000000.00 33260866926537802000000000.00 -90004949179263802000000000.00 99782600779613394000000000.00
re1   re2   sol1   sol2
332306998946228970000000000000000000.00 17700564299277696000000000000000000000000000000000000.00 -33829194706788178000000000.00 33260866926537802000000000.00
iter   delt   delu  t   u
  8.00 -50743792060182282000000000.00 49891300389806697000000000.00 -140748741239446080000000000.00 149673901169420100000000000.00
re1   re2   sol1   sol2
  0.00 39826269673374812000000000000000000000000000000000000.00 -50743792060182282000000000.00 49891300389806697000000000.00
iter   delt   delu  t   u
  9.00 -76115688090273441000000000.00 74836950584710050000000000.00 -216864429329719530000000000.00 224510851754130130000000000.00
re1   re2   sol1   sol2
  0.00 89609106765093342000000000000000000000000000000000000.00 -76115688090273441000000000.00 74836950584710050000000000.00
iter   delt   delu  t   u
 10.00 -114173532135410090000000000.00 112255425877065070000000000.00 -331037961465129630000000000.00 336766277631195160000000000.00
re1   re2   sol1   sol2
1329227995784915900000000000000000000.00 201620490221460010000000000000000000000000000000000000.00 -114173532135410090000000000.00 112255425877065070000000000.00
istep    t         u
 15.00 -331037961465129630000000000.00 336766277631195160000000000.00
iter   delt   delu  t   u
  1.00 165554315476936790000000000.00 168383138815597580000000000.00 -165483645988192840000000000.00 505149416446792750000000000.00
re1   re2   sol1   sol2
  0.20 453646102998284910000000000000000000000000000000000000.00 165554315476936790000000000.00 168383138815597580000000000.00
iter   delt   delu  t   u
  2.00 248331473215405170000000000.00 252574708223396410000000000.00 82847827227212330000000000.00 757724124670189120000000000.00
re1   re2   sol1   sol2
42535295865117308000000000000000000000.00 1020703731746140900000000000000000000000000000000000000.00 248331473215405170000000000.00 252574708223396410000000000.00
iter   delt   delu  t   u
  3.00 372497209823107810000000000.00 378862062335094560000000000.00 455345037050320140000000000.00 1136586187005283700000000000.00
re1   re2   sol1   sol2
  0.00 2296583396428817300000000000000000000000000000000000000.00 372497209823107810000000000.00 378862062335094560000000000.00
iter   delt   delu  t   u
  4.00 558745814734661680000000000.00 568293093502641910000000000.00 1014090851784981800000000000.00 1704879280507925600000000000.00
re1   re2   sol1   sol2
  0.00 5167312641964838800000000000000000000000000000000000000.00 558745814734661680000000000.00 568293093502641910000000000.00
iter   delt   delu  t   u
  5.00 838118722101992490000000000.00 852439640253962790000000000.00 1852209573886974100000000000.00 2557318920761888500000000000.00
re1   re2   sol1   sol2
  0.00 11626453444420888000000000000000000000000000000000000000.00 838118722101992490000000000.00 852439640253962790000000000.00
iter   delt   delu  t   u
  6.00 1257178083152988700000000000.00 1278659460380944300000000000.00 3109387657039962800000000000.00 3835978381142833100000000000.00
re1   re2   sol1   sol2
  0.00 26159520249947000000000000000000000000000000000000000000.00 1257178083152988700000000000.00 1278659460380944300000000000.00
iter   delt   delu  t   u
  7.00 1885767124729484400000000000.00 1917989190571416500000000000.00 4995154781769447400000000000.00 5753967571714250100000000000.00
re1   re2   sol1   sol2
-2041694201525630800000000000000000000000.00 58858920562380758000000000000000000000000000000000000000.00 1885767124729484400000000000.00 1917989190571416500000000000.00
iter   delt   delu  t   u
  8.00 2828650687094225900000000000.00 2876983785857125100000000000.00 7823805468863673800000000000.00 8630951357571375200000000000.00
re1   re2   sol1   sol2
-1361129467683753900000000000000000000000.00 132432571265356740000000000000000000000000000000000000000.00 2828650687094225900000000000.00 2876983785857125100000000000.00
iter   delt   delu  t   u
  9.00 4242976030641338000000000000.00 4315475678785687100000000000.00 12066781499505011000000000000.00 12946427036357063000000000000.00
re1   re2   sol1   sol2
  0.00 297973285347052640000000000000000000000000000000000000000.00 4242976030641338000000000000.00 4315475678785687100000000000.00
iter   delt   delu  t   u
 10.00 6364464045962007200000000000.00 6473213518178530300000000000.00 18431245545467018000000000000.00 19419640554535593000000000000.00
re1   re2   sol1   sol2
  0.00 670439892030868470000000000000000000000000000000000000000.00 6364464045962007200000000000.00 6473213518178530300000000000.00
istep    t         u
 16.00 18431245545467018000000000000.00 19419640554535593000000000000.00
iter   delt   delu  t   u
  1.00 -9875731785738037000000000000.00 9709820277267797700000000000.00 8555513759728981500000000000.00 29129460831803392000000000000.00
re1   re2   sol1   sol2
  0.20 1508489757069453900000000000000000000000000000000000000000.00 -9875731785738037000000000000.00 9709820277267797700000000000.00
iter   delt   delu  t   u
  2.00 -14813597678607058000000000000.00 14564730415901696000000000000.00 -6258083918878076300000000000.00 43694191247705090000000000000.00
re1   re2   sol1   sol2
-174224571863520490000000000000000000000000.00 3394101953406271700000000000000000000000000000000000000000.00 -14813597678607058000000000000.00 14564730415901696000000000000.00
iter   delt   delu  t   u
  3.00 -22220396517910589000000000000.00 21847095623852545000000000000.00 -28478480436788667000000000000.00 65541286871557635000000000000.00
re1   re2   sol1   sol2
  0.00 7636729395164112600000000000000000000000000000000000000000.00 -22220396517910589000000000000.00 21847095623852545000000000000.00
iter   delt   delu  t   u
  4.00 -33330594776865879000000000000.00 32770643435778817000000000000.00 -61809075213654546000000000000.00 98311930307336452000000000000.00
re1   re2   sol1   sol2
  0.00 17182641139119253000000000000000000000000000000000000000000.00 -33330594776865879000000000000.00 32770643435778817000000000000.00
iter   delt   delu  t   u
  5.00 -49995892165298801000000000000.00 49155965153668226000000000000.00 -111804967378953360000000000000.00 147467895461004680000000000000.00
re1   re2   sol1   sol2
1393796574908163900000000000000000000000000.00 38660942563018322000000000000000000000000000000000000000000.00 -49995892165298801000000000000.00 49155965153668226000000000000.00
iter   delt   delu  t   u
  6.00 -74993838247948214000000000000.00 73733947730502348000000000000.00 -186798805626901590000000000000.00 221201843191507040000000000000.00
re1   re2   sol1   sol2
1393796574908163900000000000000000000000000.00 86987120766791218000000000000000000000000000000000000000000.00 -74993838247948214000000000000.00 73733947730502348000000000000.00
iter   delt   delu  t   u
  7.00 -112490757371922400000000000000.00 110600921595753520000000000000.00 -299289562998823990000000000000.00 331802764787260550000000000000.00
re1   re2   sol1   sol2
-2787593149816327900000000000000000000000000.00 195721021725280270000000000000000000000000000000000000000000.00 -112490757371922400000000000000.00 110600921595753520000000000000.00
iter   delt   delu  t   u
  8.00 -168736136057883490000000000000.00 165901382393630280000000000000.00 -468025699056707520000000000000.00 497704147180890800000000000000.00
re1   re2   sol1   sol2
  0.00 440372298881880590000000000000000000000000000000000000000000.00 -168736136057883490000000000000.00 165901382393630280000000000000.00
iter   delt   delu  t   u
  9.00 -253104204086825190000000000000.00 248852073590445360000000000000.00 -721129903143532710000000000000.00 746556220771336120000000000000.00
re1   re2   sol1   sol2
5575186299632655800000000000000000000000000.00 990837672484231210000000000000000000000000000000000000000000.00 -253104204086825190000000000000.00 248852073590445360000000000000.00
iter   delt   delu  t   u
 10.00 -379656306130237780000000000000.00 373278110385668130000000000000.00 -1100786209273770400000000000000.00 1119834331157004300000000000000.00
re1   re2   sol1   sol2
11150372599265312000000000000000000000000000.00 2229384763089520000000000000000000000000000000000000000000000.00 -379656306130237780000000000000.00 373278110385668130000000000000.00
istep    t         u
 17.00 -1100786209273770400000000000000.00 1119834331157004300000000000000.00
